Using pre-set license
Built from '2020.2/staging' branch; Version is '2020.2.3f1 (8ff31bc5bf5b) revision 9433883'; Using compiler version '192528614'; Build Type 'Release'
OS: 'Windows 10 Pro; OS build 22000.71; Version 2009; 64bit' Language: 'ru' Physical Memory: 16313 MB
BatchMode: 1, IsHumanControllingUs: 0, StartBugReporterOnCrash: 0, Is64bit: 1, IsPro: 0

 COMMAND LINE ARGUMENTS:
D:\Unity3d\Unity\2020.2.3f1\Editor\Unity.exe
-adb2
-batchMode
-noUpm
-name
AssetImportWorker0
-projectPath
D:/UnityProjects/7TamTask
-logFile
Logs/AssetImportWorker0.log
-srvPort
1121
Successfully changed project path to: D:/UnityProjects/7TamTask
D:/UnityProjects/7TamTask
Using Asset Import Pipeline V2.
Refreshing native plugins compatible for Editor in 83.23 ms, found 1 plugins.
Preloading 0 native plugins for Editor in 0.00 ms.
Initialize engine version: 2020.2.3f1 (8ff31bc5bf5b)
[Subsystems] Discovering subsystems at path D:/Unity3d/Unity/2020.2.3f1/Editor/Data/Resources/UnitySubsystems
[Subsystems] Discovering subsystems at path D:/UnityProjects/7TamTask/Assets
GfxDevice: creating device client; threaded=0
Direct3D:
    Version:  Direct3D 11.0 [level 11.1]
    Renderer: Radeon RX 580 Series (ID=0x67df)
    Vendor:   
    VRAM:     8171 MB
    Driver:   27.20.11035.3002
Initialize mono
Mono path[0] = 'D:/Unity3d/Unity/2020.2.3f1/Editor/Data/Managed'
Mono path[1] = 'D:/Unity3d/Unity/2020.2.3f1/Editor/Data/MonoBleedingEdge/lib/mono/unityjit'
Mono config path = 'D:/Unity3d/Unity/2020.2.3f1/Editor/Data/MonoBleedingEdge/etc'
Using monoOptions --debugger-agent=transport=dt_socket,embedding=1,server=y,suspend=n,address=127.0.0.1:56224
Begin MonoManager ReloadAssembly
Registering precompiled unity dll's ...
Register platform support module: D:/Unity3d/Unity/2020.2.3f1/Editor/Data/PlaybackEngines/WindowsStandaloneSupport/UnityEditor.WindowsStandalone.Extensions.dll
Registered in 0.001292 seconds.
Native extension for WindowsStandalone target not found
Refreshing native plugins compatible for Editor in 68.32 ms, found 1 plugins.
Preloading 0 native plugins for Editor in 0.00 ms.
Invoked RoslynAnalysisRunner static constructor.
RoslynAnalysisRunner will not be running.
RoslynAnalysisRunner has terminated.
Mono: successfully reloaded assembly
- Completed reload, in  2.819 seconds
Platform modules already initialized, skipping
Registering precompiled user dll's ...
Registered in 0.001728 seconds.
Begin MonoManager ReloadAssembly
Error: Could not load signature of Unity.Android.Logcat.AndroidLogcat:.ctor due to: Could not load file or assembly 'UnityEditor.Android.Extensions, Version=1.0.0.0, Culture=neutral, PublicKeyToken=null' or one of its dependencies. assembly:UnityEditor.Android.Extensions, Version=1.0.0.0, Culture=neutral, PublicKeyToken=null type:<unknown type> member:(null) signature:<none>
0x00007ff78cd84f3c (Unity) StackWalker::GetCurrentCallstack
0x00007ff78cd8d319 (Unity) StackWalker::ShowCallstack
0x00007ff78e25ae6c (Unity) GetStacktrace
0x00007ff78f338013 (Unity) DebugStringToFile
0x00007ff78cbab9fb (Unity) ScanForAttributesAndInterfaceImplementations
0x00007ff78cbbedca (Unity) MonoManager::EndReloadAssembly
0x00007ff78cbc5ff9 (Unity) MonoManager::ReloadAssembly
0x00007ff78df65391 (Unity) LoadDomainAndUserAssemblies
0x00007ff78df6583e (Unity) LoadUserAssemblies
0x00007ff78d8f08a1 (Unity) Application::InitializeProject
0x00007ff78e268422 (Unity) WinMain
0x00007ff7900ce3c6 (Unity) __scrt_common_main_seh
0x00007ff901ae54e0 (KERNEL32) BaseThreadInitThunk
0x00007ff90302485b (ntdll) RtlUserThreadStart

Unloading broken assembly Library/ScriptAssemblies/Unity.Mobile.AndroidLogcat.Editor.dll, this assembly can cause crashes in the runtime
0x00007ff78cd84f3c (Unity) StackWalker::GetCurrentCallstack
0x00007ff78cd8d319 (Unity) StackWalker::ShowCallstack
0x00007ff78e25ae6c (Unity) GetStacktrace
0x00007ff78f338013 (Unity) DebugStringToFile
0x00007ff78cbc7b49 (Unity) MonoManager::SetupLoadedEditorAssemblies
0x00007ff78cbbf11c (Unity) MonoManager::EndReloadAssembly
0x00007ff78cbc5ff9 (Unity) MonoManager::ReloadAssembly
0x00007ff78df65391 (Unity) LoadDomainAndUserAssemblies
0x00007ff78df6583e (Unity) LoadUserAssemblies
0x00007ff78d8f08a1 (Unity) Application::InitializeProject
0x00007ff78e268422 (Unity) WinMain
0x00007ff7900ce3c6 (Unity) __scrt_common_main_seh
0x00007ff901ae54e0 (KERNEL32) BaseThreadInitThunk
0x00007ff90302485b (ntdll) RtlUserThreadStart

Native extension for WindowsStandalone target not found
Refreshing native plugins compatible for Editor in 72.81 ms, found 1 plugins.
Preloading 0 native plugins for Editor in 0.00 ms.
Invoked RoslynAnalysisRunner static constructor.
RoslynAnalysisRunner will not be running.
RoslynAnalysisRunner has terminated.
Mono: successfully reloaded assembly
- Completed reload, in  2.123 seconds
Platform modules already initialized, skipping
========================================================================
Worker process is ready to serve import requests
Launched and connected shader compiler UnityShaderCompiler.exe after 0.11 seconds
Refreshing native plugins compatible for Editor in 0.93 ms, found 1 plugins.
Preloading 0 native plugins for Editor in 0.00 ms.
Unloading 2033 Unused Serialized files (Serialized files now loaded: 0)
System memory in use before: 93.9 MB.
System memory in use after: 94.0 MB.

Unloading 35 unused Assets to reduce memory usage. Loaded Objects now: 2467.
Total: 23.142000 ms (FindLiveObjects: 0.340600 ms CreateObjectMapping: 0.419500 ms MarkObjects: 22.275800 ms  DeleteObjects: 0.104000 ms)

========================================================================
Received Import Request.
  path: Assets/Scenes/SampleScene.unity
  artifactKey: Guid(2cda990e2423bbf4892e6590ba056729) Importer(815301076,1909f56bfc062723c751e8b465ee728b)
Start importing Assets/Scenes/SampleScene.unity using Guid(2cda990e2423bbf4892e6590ba056729) Importer(815301076,1909f56bfc062723c751e8b465ee728b)  -> (artifact id: 'ff30df188682ee8d12bb87031a4dd3f9') in 0.027915 seconds
  Import took 0.032680 seconds .

========================================================================
Received Prepare
Registering precompiled user dll's ...
Registered in 0.002440 seconds.
Begin MonoManager ReloadAssembly
Error: Could not load signature of Unity.Android.Logcat.AndroidLogcat:.ctor due to: Could not load file or assembly 'UnityEditor.Android.Extensions, Version=1.0.0.0, Culture=neutral, PublicKeyToken=null' or one of its dependencies. assembly:UnityEditor.Android.Extensions, Version=1.0.0.0, Culture=neutral, PublicKeyToken=null type:<unknown type> member:(null) signature:<none>
0x00007ff78cd84f3c (Unity) StackWalker::GetCurrentCallstack
0x00007ff78cd8d319 (Unity) StackWalker::ShowCallstack
0x00007ff78e25ae6c (Unity) GetStacktrace
0x00007ff78f338013 (Unity) DebugStringToFile
0x00007ff78cbab9fb (Unity) ScanForAttributesAndInterfaceImplementations
0x00007ff78cbbedca (Unity) MonoManager::EndReloadAssembly
0x00007ff78cbc5ff9 (Unity) MonoManager::ReloadAssembly
0x00007ff78df65391 (Unity) LoadDomainAndUserAssemblies
0x00007ff78df6583e (Unity) LoadUserAssemblies
0x00007ff78e38ed59 (Unity) <lambda_fe9441f73272b7bdb4fc543a788e7929>::operator()
0x00007ff78e4590f2 (Unity) asio::detail::completion_handler<core::mutable_function<void __cdecl(void)> >::do_complete
0x00007ff78e45b250 (Unity) asio::detail::win_iocp_io_service::do_one
0x00007ff78e45e9de (Unity) asio::io_service::run
0x00007ff78e3d4f10 (Unity) RunAssetImportWorkerClientV2
0x00007ff78e3d4f60 (Unity) RunAssetImporterV2
0x00007ff78d8f08a6 (Unity) Application::InitializeProject
0x00007ff78e268422 (Unity) WinMain
0x00007ff7900ce3c6 (Unity) __scrt_common_main_seh
0x00007ff901ae54e0 (KERNEL32) BaseThreadInitThunk
0x00007ff90302485b (ntdll) RtlUserThreadStart

Unloading broken assembly Library/ScriptAssemblies/Unity.Mobile.AndroidLogcat.Editor.dll, this assembly can cause crashes in the runtime
0x00007ff78cd84f3c (Unity) StackWalker::GetCurrentCallstack
0x00007ff78cd8d319 (Unity) StackWalker::ShowCallstack
0x00007ff78e25ae6c (Unity) GetStacktrace
0x00007ff78f338013 (Unity) DebugStringToFile
0x00007ff78cbc7b49 (Unity) MonoManager::SetupLoadedEditorAssemblies
0x00007ff78cbbf11c (Unity) MonoManager::EndReloadAssembly
0x00007ff78cbc5ff9 (Unity) MonoManager::ReloadAssembly
0x00007ff78df65391 (Unity) LoadDomainAndUserAssemblies
0x00007ff78df6583e (Unity) LoadUserAssemblies
0x00007ff78e38ed59 (Unity) <lambda_fe9441f73272b7bdb4fc543a788e7929>::operator()
0x00007ff78e4590f2 (Unity) asio::detail::completion_handler<core::mutable_function<void __cdecl(void)> >::do_complete
0x00007ff78e45b250 (Unity) asio::detail::win_iocp_io_service::do_one
0x00007ff78e45e9de (Unity) asio::io_service::run
0x00007ff78e3d4f10 (Unity) RunAssetImportWorkerClientV2
0x00007ff78e3d4f60 (Unity) RunAssetImporterV2
0x00007ff78d8f08a6 (Unity) Application::InitializeProject
0x00007ff78e268422 (Unity) WinMain
0x00007ff7900ce3c6 (Unity) __scrt_common_main_seh
0x00007ff901ae54e0 (KERNEL32) BaseThreadInitThunk
0x00007ff90302485b (ntdll) RtlUserThreadStart

Native extension for WindowsStandalone target not found
Refreshing native plugins compatible for Editor in 0.68 ms, found 1 plugins.
Preloading 0 native plugins for Editor in 0.00 ms.
Invoked RoslynAnalysisRunner static constructor.
RoslynAnalysisRunner will not be running.
RoslynAnalysisRunner has terminated.
Mono: successfully reloaded assembly
- Completed reload, in  1.527 seconds
Platform modules already initialized, skipping
Switching build target platform(5) subTarget(0) extendedPlatform(0) -> platform(13) subTarget(537395200) extendedPlatform(0)
Refreshing native plugins compatible for Editor in 0.73 ms, found 1 plugins.
Preloading 0 native plugins for Editor in 0.00 ms.
Unloading 2014 Unused Serialized files (Serialized files now loaded: 0)
System memory in use before: 92.4 MB.
System memory in use after: 92.5 MB.

Unloading 24 unused Assets to reduce memory usage. Loaded Objects now: 2469.
Total: 2.666600 ms (FindLiveObjects: 0.234600 ms CreateObjectMapping: 0.054300 ms MarkObjects: 2.340000 ms  DeleteObjects: 0.036400 ms)

AssetImportParameters requested are different than current active one (requested -> active):
  custom:graphics/normal-map-encoding: 01000000000000000000000000000000 -> 02000000000000000000000000000000
========================================================================
Received Prepare
Registering precompiled user dll's ...
Registered in 0.002294 seconds.
Begin MonoManager ReloadAssembly
Error: Could not load signature of Unity.Android.Logcat.AndroidLogcat:.ctor due to: Could not load file or assembly 'UnityEditor.Android.Extensions, Version=1.0.0.0, Culture=neutral, PublicKeyToken=null' or one of its dependencies. assembly:UnityEditor.Android.Extensions, Version=1.0.0.0, Culture=neutral, PublicKeyToken=null type:<unknown type> member:(null) signature:<none>
0x00007ff78cd84f3c (Unity) StackWalker::GetCurrentCallstack
0x00007ff78cd8d319 (Unity) StackWalker::ShowCallstack
0x00007ff78e25ae6c (Unity) GetStacktrace
0x00007ff78f338013 (Unity) DebugStringToFile
0x00007ff78cbab9fb (Unity) ScanForAttributesAndInterfaceImplementations
0x00007ff78cbbedca (Unity) MonoManager::EndReloadAssembly
0x00007ff78cbc5ff9 (Unity) MonoManager::ReloadAssembly
0x00007ff78df65391 (Unity) LoadDomainAndUserAssemblies
0x00007ff78df6583e (Unity) LoadUserAssemblies
0x00007ff78e38ed59 (Unity) <lambda_fe9441f73272b7bdb4fc543a788e7929>::operator()
0x00007ff78e4590f2 (Unity) asio::detail::completion_handler<core::mutable_function<void __cdecl(void)> >::do_complete
0x00007ff78e45b250 (Unity) asio::detail::win_iocp_io_service::do_one
0x00007ff78e45e9de (Unity) asio::io_service::run
0x00007ff78e3d4f10 (Unity) RunAssetImportWorkerClientV2
0x00007ff78e3d4f60 (Unity) RunAssetImporterV2
0x00007ff78d8f08a6 (Unity) Application::InitializeProject
0x00007ff78e268422 (Unity) WinMain
0x00007ff7900ce3c6 (Unity) __scrt_common_main_seh
0x00007ff901ae54e0 (KERNEL32) BaseThreadInitThunk
0x00007ff90302485b (ntdll) RtlUserThreadStart

Unloading broken assembly Library/ScriptAssemblies/Unity.Mobile.AndroidLogcat.Editor.dll, this assembly can cause crashes in the runtime
0x00007ff78cd84f3c (Unity) StackWalker::GetCurrentCallstack
0x00007ff78cd8d319 (Unity) StackWalker::ShowCallstack
0x00007ff78e25ae6c (Unity) GetStacktrace
0x00007ff78f338013 (Unity) DebugStringToFile
0x00007ff78cbc7b49 (Unity) MonoManager::SetupLoadedEditorAssemblies
0x00007ff78cbbf11c (Unity) MonoManager::EndReloadAssembly
0x00007ff78cbc5ff9 (Unity) MonoManager::ReloadAssembly
0x00007ff78df65391 (Unity) LoadDomainAndUserAssemblies
0x00007ff78df6583e (Unity) LoadUserAssemblies
0x00007ff78e38ed59 (Unity) <lambda_fe9441f73272b7bdb4fc543a788e7929>::operator()
0x00007ff78e4590f2 (Unity) asio::detail::completion_handler<core::mutable_function<void __cdecl(void)> >::do_complete
0x00007ff78e45b250 (Unity) asio::detail::win_iocp_io_service::do_one
0x00007ff78e45e9de (Unity) asio::io_service::run
0x00007ff78e3d4f10 (Unity) RunAssetImportWorkerClientV2
0x00007ff78e3d4f60 (Unity) RunAssetImporterV2
0x00007ff78d8f08a6 (Unity) Application::InitializeProject
0x00007ff78e268422 (Unity) WinMain
0x00007ff7900ce3c6 (Unity) __scrt_common_main_seh
0x00007ff901ae54e0 (KERNEL32) BaseThreadInitThunk
0x00007ff90302485b (ntdll) RtlUserThreadStart

Native extension for WindowsStandalone target not found
Refreshing native plugins compatible for Editor in 0.75 ms, found 1 plugins.
Preloading 0 native plugins for Editor in 0.00 ms.
Invoked RoslynAnalysisRunner static constructor.
RoslynAnalysisRunner will not be running.
RoslynAnalysisRunner has terminated.
Mono: successfully reloaded assembly
- Completed reload, in  1.377 seconds
Platform modules already initialized, skipping
Switching build target platform(5) subTarget(0) extendedPlatform(0) -> platform(13) subTarget(537395200) extendedPlatform(0)
Refreshing native plugins compatible for Editor in 0.69 ms, found 1 plugins.
Preloading 0 native plugins for Editor in 0.00 ms.
Unloading 2014 Unused Serialized files (Serialized files now loaded: 0)
System memory in use before: 92.5 MB.
System memory in use after: 92.6 MB.

Unloading 24 unused Assets to reduce memory usage. Loaded Objects now: 2471.
Total: 2.685800 ms (FindLiveObjects: 0.202000 ms CreateObjectMapping: 0.054400 ms MarkObjects: 2.392100 ms  DeleteObjects: 0.036000 ms)

AssetImportParameters requested are different than current active one (requested -> active):
  custom:graphics/normal-map-encoding: 01000000000000000000000000000000 -> 02000000000000000000000000000000
========================================================================
Received Prepare
Refreshing native plugins compatible for Editor in 6.06 ms, found 1 plugins.
Preloading 0 native plugins for Editor in 0.00 ms.
Unloading 22 Unused Serialized files (Serialized files now loaded: 0)
System memory in use before: 53.3 MB.
System memory in use after: 53.4 MB.

Unloading 21 unused Assets to reduce memory usage. Loaded Objects now: 2471.
Total: 2.832700 ms (FindLiveObjects: 0.220900 ms CreateObjectMapping: 0.084600 ms MarkObjects: 2.489100 ms  DeleteObjects: 0.036300 ms)

AssetImportWorkerClient::OnTransportError - code=2 error=End of file
